<?xml version="1.0" encoding="UTF-8"?>
<!-- Generated by org.testng.reporters.JUnitReportReporter -->
<testsuite hostname="TungNguyen" failures="0" tests="5" name="test.java.com.api.auto.testcase.TC_API_Login" time="0.684" errors="0" timestamp="2023-09-06T11:19:39 ICT" skipped="0">
  <testcase classname="test.java.com.api.auto.testcase.TC_API_Login" name="TC01_Validate200Ok" time="0.013"/>
  <system-out/>
  <testcase classname="test.java.com.api.auto.testcase.TC_API_Login" name="TC02_ValidateMessage" time="0.001"/>
  <system-out/>
  <testcase classname="test.java.com.api.auto.testcase.TC_API_Login" name="TC03_ValidateToken" time="0.627"/>
  <system-out/>
  <testcase classname="test.java.com.api.auto.testcase.TC_API_Login" name="TC05_ValidateUserType" time="0.014"/>
  <system-out/>
  <testcase classname="test.java.com.api.auto.testcase.TC_API_Login" name="TC06_ValidateAccount" time="0.029"/>
  <system-out/>
</testsuite> <!-- test.java.com.api.auto.testcase.TC_API_Login -->
