<?xml version="1.0" encoding="UTF-8"?>
<!-- Generated by org.testng.reporters.JUnitReportReporter -->
<testsuite hostname="TungNguyen" failures="0" tests="5" name="test.java.com.api.auto.testcase.TC_API_CreateWork" time="0.039" errors="0" timestamp="2023-09-06T11:19:39 ICT" skipped="0">
  <testcase classname="test.java.com.api.auto.testcase.TC_API_CreateWork" name="TC01_Validate201Created" time="0.001"/>
  <system-out/>
  <testcase classname="test.java.com.api.auto.testcase.TC_API_CreateWork" name="TC02_idChecked" time="0.001"/>
  <system-out/>
  <testcase classname="test.java.com.api.auto.testcase.TC_API_CreateWork" name="TC03_nameWorkMatched" time="0.010"/>
  <system-out/>
  <testcase classname="test.java.com.api.auto.testcase.TC_API_CreateWork" name="TC04_experienceMatched" time="0.010"/>
  <system-out/>
  <testcase classname="test.java.com.api.auto.testcase.TC_API_CreateWork" name="TC05_educationMatched" time="0.017"/>
  <system-out/>
</testsuite> <!-- test.java.com.api.auto.testcase.TC_API_CreateWork -->
